<?xml version="1.0" encoding="UTF-8"?>
<!-- Generated by org.testng.reporters.JUnitXMLReporter -->
<testsuite ignored="0" hostname="DESKTOP-NL9CC06" failures="0" tests="3" name="Default test" time="2.679" errors="0" timestamp="2021-06-11T11:14:04 IST">
  <testcase classname="com.tests.LoginPageTest" name="test01" time="0.881"/>
  <testcase classname="com.tests.LoginPageTest" name="test02" time="0.415"/>
  <testcase classname="com.tests.LoginPageTest" name="verifyTable" time="1.304"/>
</testsuite> <!-- Default test -->
