<?xml version="1.0" encoding="UTF-8"?>
<!-- Generated by org.testng.reporters.JUnitXMLReporter -->
<testsuite ignored="0" hostname="DESKTOP-NL9CC06" failures="1" tests="7" name="Test" time="0.1" errors="0" timestamp="2021-06-02T09:38:48 IST">
  <testcase classname="com.testNGEx.Demo1" name="openedBrouser" time="0.015">
    <failure type="java.lang.AssertionError" message="expected [true] but found [false]">
      <![CDATA[java.lang.AssertionError: expected [true] but found [false]
at com.testNGEx.Demo1.openedBrouser(Demo1.java:14)
at java.base/java.util.ArrayList.forEach(ArrayList.java:1541)
... Removed 33 stack frames]]>
    </failure>
  </testcase> <!-- openedBrouser -->
  <testcase classname="com.testNGEx.Demo2" name="enterurl" time="0.0"/>
  <testcase classname="com.testNGEx.Demo1" name="login" time="0.0">
    <skipped/>
  </testcase> <!-- login -->
  <testcase classname="com.testNGEx.Demo1" name="signIn" time="0.0"/>
  <testcase classname="com.testNGEx.Demo1" name="dashBoard" time="0.005"/>
  <testcase classname="com.testNGEx.Demo1" name="clickUser" time="0.005"/>
  <testcase classname="com.testNGEx.Demo1" name="close" time="0.005"/>
</testsuite> <!-- Test -->
