<?xml version="1.0" encoding="UTF-8"?>
<!-- Generated by org.testng.reporters.JUnitXMLReporter -->
<testsuite ignored="0" hostname="DESKTOP-NL9CC06" failures="1" tests="4" name="Test1" time="4.142" errors="0" timestamp="2021-06-03T10:57:53 IST">
  <testcase classname="basicsselenium.DataProviderDemo" name="login" time="2.256"/>
  <testcase classname="basicsselenium.DataProviderDemo" name="login" time="0.411">
    <failure type="java.lang.AssertionError" message="expected [JavaByKiran | Dashboard] but found [JavaByKiran | Log in]">
      <![CDATA[java.lang.AssertionError: expected [JavaByKiran | Dashboard] but found [JavaByKiran | Log in]
at basicsselenium.DataProviderDemo.login(DataProviderDemo.java:36)
at java.base/java.util.ArrayList.forEach(ArrayList.java:1541)
... Removed 33 stack frames]]>
    </failure>
  </testcase> <!-- login -->
  <testcase classname="basicsselenium.DataProviderDemo2" name="f" time="0.844"/>
  <testcase classname="basicsselenium.DataProviderDemo2" name="f" time="0.581"/>
</testsuite> <!-- Test1 -->
