<?xml version="1.0" encoding="UTF-8"?>
<testng-results ignored="0" total="3" passed="3" failed="0" skipped="0">
  <reporter-output>
  </reporter-output>
  <suite started-at="2021-06-11T11:14:02 IST" name="Default suite" finished-at="2021-06-11T11:14:04 IST" duration-ms="2679">
    <groups>
    </groups>
    <test started-at="2021-06-11T11:14:02 IST" name="Default test" finished-at="2021-06-11T11:14:04 IST" duration-ms="2679">
      <class name="com.tests.LoginPageTest">
        <test-method is-config="true" signature="setup()[pri:0, instance:com.tests.LoginPageTest@316bcf94]" started-at="2021-06-11T11:13:56 IST" name="setup" finished-at="2021-06-11T11:14:02 IST" duration-ms="6023" status="PASS">
          <reporter-output>
          </reporter-output>
        </test-method> <!-- setup -->
        <test-method signature="test01()[pri:0, instance:com.tests.LoginPageTest@316bcf94]" started-at="2021-06-11T11:14:02 IST" name="test01" finished-at="2021-06-11T11:14:03 IST" duration-ms="881" status="PASS">
          <reporter-output>
          </reporter-output>
        </test-method> <!-- test01 -->
        <test-method signature="test02()[pri:0, instance:com.tests.LoginPageTest@316bcf94]" started-at="2021-06-11T11:14:03 IST" name="test02" finished-at="2021-06-11T11:14:03 IST" duration-ms="415" status="PASS">
          <reporter-output>
          </reporter-output>
        </test-method> <!-- test02 -->
        <test-method signature="verifyTable()[pri:0, instance:com.tests.LoginPageTest@316bcf94]" started-at="2021-06-11T11:14:03 IST" name="verifyTable" finished-at="2021-06-11T11:14:04 IST" duration-ms="1304" status="PASS">
          <reporter-output>
          </reporter-output>
        </test-method> <!-- verifyTable -->
      </class> <!-- com.tests.LoginPageTest -->
    </test> <!-- Default test -->
  </suite> <!-- Default suite -->
</testng-results>
